C51 COMPILER V8.02   LCD12864                                                              10/30/2013 22:03:21 PAGE 1   


C51 COMPILER V8.02, COMPILATION OF MODULE LCD12864
OBJECT MODULE PLACED IN lcd12864.OBJ
COMPILER INVOKED BY: C:\Keil\C51\BIN\C51.EXE lcd12864.c BROWSE DEBUG OBJECTEXTEND

line level    source

   1          #include <reg52.h>
   2          #include <string.h>
   3          #include <intrins.h>
   4          #include "lcd12864.h"
   5          
   6          void delay(){
   7   1              _nop_();
   8   1      }
   9          
  10          void choose_screen(unsigned char screen){
  11   1              if(screen==0){//all screen
  12   2                      CS1=0;
  13   2                      CS2=0;
  14   2              }else if(screen==1){//left screen
  15   2                      CS1=0;
  16   2                      CS2=1;
  17   2              }else if(screen==2){//right screen
  18   2                      CS1=1;
  19   2                      CS2=0;
  20   2              }
  21   1      }
  22          
  23          void check_busy(){
  24   1              unsigned char count;
  25   1              RW=1;
  26   1              RS=0;
  27   1              EN=0;
  28   1              while(1){
  29   2                      EN=1;
  30   2                      if(!(lcddata&0x80)){
  31   3                              break;
  32   3                      }
  33   2                      EN=0;
  34   2                      if(count++>10){
  35   3                              break;
  36   3                      }
  37   2              }
  38   1              EN=0;
  39   1      }
  40          
  41          void lcd_write_command(unsigned char command){
  42   1              check_busy();
  43   1              RS=0;
  44   1              RW=0;
  45   1              EN=0;
  46   1              lcddata=command;
  47   1              EN=1;
  48   1              delay();
  49   1              EN=0;
  50   1      }
  51          
  52          void lcd_write_data(unsigned char rdata){
  53   1              check_busy();
  54   1              RS=1;
  55   1              RW=0;
C51 COMPILER V8.02   LCD12864                                                              10/30/2013 22:03:21 PAGE 2   

  56   1              EN=0;
  57   1              lcddata=rdata;
  58   1              EN=1;
  59   1              delay();
  60   1              EN=0;
  61   1      }
  62          
  63          void lcd_init(void){
  64   1              lcd_write_command(0x3f);
  65   1              lcd_write_command(0xc0);
  66   1              lcd_write_command(0xb8);
  67   1              lcd_write_command(0x40);
  68   1      }
  69          
  70          void first_page(void){
  71   1              unsigned char x,y;
  72   1              choose_screen(0);
  73   1              for(x=0xb8;x<0xc0;x++){
  74   2                      lcd_write_command(x);
  75   2                      lcd_write_command(0x40);
  76   2                      for(y=0;y<64;y++){
  77   3                              lcd_write_data(0);
  78   3                      }
  79   2              }
  80   1      }
  81          
  82          unsigned char lcd_read_data(){
  83   1              unsigned char rdata;
  84   1              check_busy();
  85   1              RS=1;
  86   1              RW=1;
  87   1              lcddata=0xFF;
  88   1              EN=1;
  89   1              rdata=lcddata;
  90   1              EN=0;
  91   1              check_busy();
  92   1              RS=1;
  93   1              RW=1;
  94   1              lcddata=0xFF;
  95   1              EN=1;
  96   1              rdata=lcddata;
  97   1              EN=0;
  98   1              return rdata;
  99   1      }
 100          
 101          void set_dot(unsigned char x,unsigned char y){
 102   1              unsigned char ybyte,rdata,xbit,ybit;
 103   1              if(x<128 && y<64){
 104   2              //choose screen
 105   2              choose_screen(x/64+1);
 106   2              //adjust x
 107   2              xbit=x%64;
 108   2              //choose row
 109   2              ybyte=y/8;
 110   2              //choose bit
 111   2              ybit=y%8;
 112   2              //read data and get rdata
 113   2              lcd_write_command(0xb8|ybyte);
 114   2              lcd_write_command(0x40|xbit);
 115   2              rdata=lcd_read_data();
 116   2              rdata=rdata|(0x01<<ybit);
 117   2              //write data
C51 COMPILER V8.02   LCD12864                                                              10/30/2013 22:03:21 PAGE 3   

 118   2              lcd_write_command(0xb8|ybyte);
 119   2              lcd_write_command(0x40|xbit);
 120   2              lcd_write_data(rdata);
 121   2              }
 122   1      }


MODULE INFORMATION:   STATIC OVERLAYABLE
   CODE SIZE        =    268    ----
   CONSTANT SIZE    =   ----    ----
   XDATA SIZE       =   ----    ----
   PDATA SIZE       =   ----    ----
   DATA SIZE        =   ----       1
   IDATA SIZE       =   ----    ----
   BIT SIZE         =   ----    ----
END OF MODULE INFORMATION.


C51 COMPILATION COMPLETE.  0 WARNING(S),  0 ERROR(S)
